<?xml version="1.0" encoding="UTF-8"?>
<!-- Generated by org.testng.reporters.JUnitXMLReporter -->
<testsuite ignored="1" hostname="DESKTOP-UHB9FFT" failures="0" tests="2" name="SmokeTest_Execution" time="2.171" errors="0" timestamp="2023-05-01T21:27:25 EDT">
  <testcase classname="api_tests.TestNGDemo" name="uiTestDemo" time="2.13"/>
  <testcase classname="api_tests.TestNGDemo" name="assertionDemo" time="0.001"/>
  <testcase classname="api_tests.TestNGDemo" name="softAssertDemo" time="0.0">
    <ignored/>
  </testcase> <!-- softAssertDemo -->
</testsuite> <!-- SmokeTest_Execution -->
