<?xml version="1.0" encoding="UTF-8"?>
<!-- Generated by org.testng.reporters.JUnitXMLReporter -->
<testsuite ignored="0" hostname="DESKTOP-UHB9FFT" failures="0" tests="5" name="Default test" time="4.327" errors="0" timestamp="2023-05-04T21:05:47 EDT">
  <testcase classname="api_tests.CraterItems" name="login" time="1.748"/>
  <testcase classname="api_tests.CraterItems" name="createItem" time="0.79"/>
  <testcase classname="api_tests.CraterItems" name="getItem" time="0.482"/>
  <testcase classname="api_tests.CraterItems" name="updateItem" time="0.427"/>
  <testcase classname="api_tests.CraterItems" name="deleteItem" time="0.264"/>
</testsuite> <!-- Default test -->
