<?xml version="1.0" encoding="UTF-8"?>
<!-- Generated by org.testng.reporters.JUnitXMLReporter -->
<testsuite ignored="0" hostname="DESKTOP-UHB9FFT" failures="0" tests="4" name="Default test" time="3.354" errors="0" timestamp="2023-05-07T22:05:50 EDT">
  <testcase classname="api_tests.ApiLogout" name="login" time="2.57"/>
  <testcase classname="api_tests.ApiLogout" name="logout" time="0.315"/>
  <testcase classname="api_tests.ApiLogout" name="logoutWithIncorrectAuthorization" time="0.21"/>
  <testcase classname="api_tests.ApiLogout" name="logoutWithIncorrectEndpoint" time="0.209"/>
</testsuite> <!-- Default test -->
