<?xml version="1.0" encoding="UTF-8"?>
<testng-results ignored="0" total="5" passed="5" failed="0" skipped="0">
  <reporter-output>
  </reporter-output>
  <suite started-at="2023-05-04T21:05:42 EDT" name="Default suite" finished-at="2023-05-04T21:05:46 EDT" duration-ms="4327">
    <groups>
    </groups>
    <test started-at="2023-05-04T21:05:42 EDT" name="Default test" finished-at="2023-05-04T21:05:46 EDT" duration-ms="4327">
      <class name="api_tests.CraterItems">
        <test-method is-config="true" signature="setup()[pri:0, instance:api_tests.CraterItems@1da2cb77]" started-at="2023-05-04T21:05:42 EDT" name="setup" finished-at="2023-05-04T21:05:43 EDT" duration-ms="579" status="PASS">
          <reporter-output>
          </reporter-output>
        </test-method> <!-- setup -->
        <test-method signature="login()[pri:0, instance:api_tests.CraterItems@1da2cb77]" started-at="2023-05-04T21:05:43 EDT" name="login" finished-at="2023-05-04T21:05:45 EDT" duration-ms="1748" status="PASS">
          <reporter-output>
          </reporter-output>
        </test-method> <!-- login -->
        <test-method signature="createItem()[pri:0, instance:api_tests.CraterItems@1da2cb77]" started-at="2023-05-04T21:05:45 EDT" name="createItem" finished-at="2023-05-04T21:05:45 EDT" depends-on-methods="api_tests.CraterItems.login" duration-ms="790" status="PASS">
          <reporter-output>
          </reporter-output>
        </test-method> <!-- createItem -->
        <test-method signature="getItem()[pri:0, instance:api_tests.CraterItems@1da2cb77]" started-at="2023-05-04T21:05:45 EDT" name="getItem" finished-at="2023-05-04T21:05:46 EDT" depends-on-methods="api_tests.CraterItems.createItem" duration-ms="482" status="PASS">
          <reporter-output>
          </reporter-output>
        </test-method> <!-- getItem -->
        <test-method signature="updateItem()[pri:0, instance:api_tests.CraterItems@1da2cb77]" started-at="2023-05-04T21:05:46 EDT" name="updateItem" finished-at="2023-05-04T21:05:46 EDT" depends-on-methods="api_tests.CraterItems.getItem" duration-ms="427" status="PASS">
          <reporter-output>
          </reporter-output>
        </test-method> <!-- updateItem -->
        <test-method signature="deleteItem()[pri:0, instance:api_tests.CraterItems@1da2cb77]" started-at="2023-05-04T21:05:46 EDT" name="deleteItem" finished-at="2023-05-04T21:05:46 EDT" depends-on-methods="api_tests.CraterItems.updateItem" duration-ms="264" status="PASS">
          <reporter-output>
          </reporter-output>
        </test-method> <!-- deleteItem -->
      </class> <!-- api_tests.CraterItems -->
    </test> <!-- Default test -->
  </suite> <!-- Default suite -->
</testng-results>
