<?xml version="1.0" encoding="UTF-8"?>
<testng-results ignored="0" total="4" passed="4" failed="0" skipped="0">
  <reporter-output>
  </reporter-output>
  <suite started-at="2023-05-07T22:05:46 EDT" name="Default suite" finished-at="2023-05-07T22:05:50 EDT" duration-ms="3354">
    <groups>
    </groups>
    <test started-at="2023-05-07T22:05:46 EDT" name="Default test" finished-at="2023-05-07T22:05:50 EDT" duration-ms="3354">
      <class name="api_tests.ApiLogout">
        <test-method signature="login()[pri:1, instance:api_tests.ApiLogout@446293d]" started-at="2023-05-07T22:05:46 EDT" name="login" finished-at="2023-05-07T22:05:49 EDT" duration-ms="2570" status="PASS">
          <reporter-output>
          </reporter-output>
        </test-method> <!-- login -->
        <test-method signature="logout()[pri:2, instance:api_tests.ApiLogout@446293d]" started-at="2023-05-07T22:05:49 EDT" name="logout" finished-at="2023-05-07T22:05:49 EDT" depends-on-methods="api_tests.ApiLogout.login" duration-ms="315" status="PASS">
          <reporter-output>
          </reporter-output>
        </test-method> <!-- logout -->
        <test-method signature="logoutWithIncorrectAuthorization()[pri:3, instance:api_tests.ApiLogout@446293d]" started-at="2023-05-07T22:05:49 EDT" name="logoutWithIncorrectAuthorization" finished-at="2023-05-07T22:05:49 EDT" duration-ms="210" status="PASS">
          <reporter-output>
          </reporter-output>
        </test-method> <!-- logoutWithIncorrectAuthorization -->
        <test-method signature="logoutWithIncorrectEndpoint()[pri:4, instance:api_tests.ApiLogout@446293d]" started-at="2023-05-07T22:05:49 EDT" name="logoutWithIncorrectEndpoint" finished-at="2023-05-07T22:05:50 EDT" duration-ms="209" status="PASS">
          <reporter-output>
          </reporter-output>
        </test-method> <!-- logoutWithIncorrectEndpoint -->
      </class> <!-- api_tests.ApiLogout -->
    </test> <!-- Default test -->
  </suite> <!-- Default suite -->
</testng-results>
